{"original_url":"http://example.com","short_url":"ZjBlNmE2"}
{"original_url":"http://example.com","short_url":"ZjBlNmE2"}
{"original_url":"https://test.com","short_url":"Mzk2OTM2"}
{"original_url":"https://example.com","short_url":"MTAwNjgw"}
{"original_url":"https://test1.com","short_url":"NWQxZGFi"}
{"original_url":"http://example.com","short_url":"ZjBlNmE2"}
{"original_url":"https://test.com","short_url":"Mzk2OTM2"}
{"original_url":"https://example.com","short_url":"MTAwNjgw"}
{"original_url":"https://test1.com","short_url":"NWQxZGFi"}
{"original_url":"http://example.com","short_url":"ZjBlNmE2"}
{"original_url":"https://test.com","short_url":"Mzk2OTM2"}
{"original_url":"https://example.com","short_url":"MTAwNjgw"}
{"original_url":"https://test1.com","short_url":"NWQxZGFi"}
{"original_url":"http://example.com","short_url":"ZjBlNmE2"}
{"original_url":"http://example.com","short_url":"ZjBlNmE2"}
{"original_url":"http://example.org","short_url":"OTcxYTU2"}
{"original_url":"https://test.com","short_url":"Mzk2OTM2"}
{"original_url":"https://example.com","short_url":"MTAwNjgw"}
{"original_url":"https://test1.com","short_url":"NWQxZGFi"}
{"original_url":"http://example.com","short_url":"ZjBlNmE2"}
{"original_url":"http://example.com","short_url":"ZjBlNmE2"}
{"original_url":"http://example.org","short_url":"OTcxYTU2"}
{"original_url":"https://test.com","short_url":"Mzk2OTM2"}
{"original_url":"https://example.com","short_url":"MTAwNjgw"}
{"original_url":"https://test1.com","short_url":"NWQxZGFi"}
{"original_url":"http://example.com","short_url":"ZjBlNmE2"}
{"original_url":"http://example.com","short_url":"ZjBlNmE2"}
{"original_url":"http://example.org","short_url":"OTcxYTU2"}
{"original_url":"https://test.com","short_url":"Mzk2OTM2"}
{"original_url":"https://example.com","short_url":"MTAwNjgw"}
{"original_url":"https://test1.com","short_url":"NWQxZGFi"}
{"original_url":"http://example.com","short_url":"ZjBlNmE2"}
{"original_url":"http://example.com","short_url":"ZjBlNmE2"}
{"original_url":"http://example.org","short_url":"OTcxYTU2"}
{"original_url":"https://test.com","short_url":"Mzk2OTM2"}
{"original_url":"https://example.com","short_url":"MTAwNjgw"}
{"original_url":"https://test1.com","short_url":"NWQxZGFi"}
{"original_url":"http://example.com","short_url":"ZjBlNmE2","correlation_id":"00000000-0000-0000-0000-000000000000"}
{"original_url":"http://example.com","short_url":"ZjBlNmE2","correlation_id":"00000000-0000-0000-0000-000000000000"}
{"original_url":"http://example.org","short_url":"OTcxYTU2","correlation_id":"00000000-0000-0000-0000-000000000000"}
{"original_url":"https://test.com","short_url":"Mzk2OTM2","correlation_id":"00000000-0000-0000-0000-000000000000"}
{"original_url":"https://example.com","short_url":"MTAwNjgw","correlation_id":"00000000-0000-0000-0000-000000000000"}
{"original_url":"https://test1.com","short_url":"NWQxZGFi","correlation_id":"00000000-0000-0000-0000-000000000000"}
{"original_url":"http://example.com","short_url":"ZjBlNmE2","correlation_id":""}
{"original_url":"http://example.com","short_url":"ZjBlNmE2","correlation_id":"e36a5999-c83c-43b0-9a69-8246498786c1"}
{"original_url":"http://example.org","short_url":"OTcxYTU2","correlation_id":"16f0ea25-d407-46ba-8529-ee016ed90472"}
{"original_url":"https://test.com","short_url":"Mzk2OTM2","correlation_id":""}
{"original_url":"https://example.com","short_url":"MTAwNjgw","correlation_id":""}
{"original_url":"https://test1.com","short_url":"NWQxZGFi","correlation_id":""}
